<?xml version="1.0" encoding="UTF-8"?>
<coverage generated="1787049419981" clover="3.2.0">
  <project timestamp="1787049419982" name="All files">
    <metrics statements="45" coveredstatements="42" conditionals="23" coveredconditionals="23" methods="12" coveredmethods="10" elements="80" coveredelements="75" complexity="0" loc="45" ncloc="45" packages="2" files="3" classes="3"/>
    <package name="components">
      <metrics statements="1" coveredstatements="1" conditionals="0" coveredconditionals="0" methods="1" coveredmethods="1"/>
      <file name="Navbar.css" path="C:\Users\HP\OneDrive\Desktop\Moringa\react-example\verre\verre\src\components\Navbar.css">
        <metrics statements="0" coveredstatements="0" conditionals="0" coveredconditionals="0" methods="0" coveredmethods="0"/>
      </file>
      <file name="Navbar.jsx" path="C:\Users\HP\OneDrive\Desktop\Moringa\react-example\verre\verre\src\components\Navbar.jsx">
        <metrics statements="1" coveredstatements="1" conditionals="0" coveredconditionals="0" methods="1" coveredmethods="1"/>
        <line num="5" count="2" type="stmt"/>
      </file>
    </package>
    <package name="pages">
      <metrics statements="44" coveredstatements="41" conditionals="23" coveredconditionals="23" methods="11" coveredmethods="9"/>
      <file name="AddProduct.jsx" path="C:\Users\HP\OneDrive\Desktop\Moringa\react-example\verre\verre\src\pages\AddProduct.jsx">
        <metrics statements="44" coveredstatements="41" conditionals="23" coveredconditionals="23" methods="11" coveredmethods="9"/>
        <line num="7" count="1" type="stmt"/>
        <line num="8" count="1" type="stmt"/>
        <line num="9" count="1" type="stmt"/>
        <line num="11" count="1" type="stmt"/>
        <line num="22" count="2" type="stmt"/>
        <line num="23" count="2" type="cond" truecount="2" falsecount="0"/>
        <line num="24" count="2" type="cond" truecount="5" falsecount="0"/>
        <line num="25" count="1" type="stmt"/>
        <line num="26" count="2" type="cond" truecount="2" falsecount="0"/>
        <line num="27" count="2" type="cond" truecount="2" falsecount="0"/>
        <line num="28" count="2" type="stmt"/>
        <line num="32" count="11" type="stmt"/>
        <line num="33" count="11" type="stmt"/>
        <line num="34" count="11" type="stmt"/>
        <line num="35" count="11" type="stmt"/>
        <line num="36" count="11" type="stmt"/>
        <line num="37" count="11" type="stmt"/>
        <line num="39" count="77" type="stmt"/>
        <line num="40" count="4" type="stmt"/>
        <line num="42" count="11" type="stmt"/>
        <line num="43" count="2" type="stmt"/>
        <line num="44" count="2" type="stmt"/>
        <line num="45" count="2" type="stmt"/>
        <line num="46" count="2" type="cond" truecount="2" falsecount="0"/>
        <line num="47" count="1" type="stmt"/>
        <line num="48" count="1" type="stmt"/>
        <line num="49" count="1" type="stmt"/>
        <line num="51" count="1" type="stmt"/>
        <line num="52" count="1" type="stmt"/>
        <line num="53" count="1" type="stmt"/>
        <line num="61" count="1" type="stmt"/>
        <line num="62" count="1" type="stmt"/>
        <line num="64" count="0" type="stmt"/>
        <line num="65" count="0" type="stmt"/>
        <line num="66" count="0" type="stmt"/>
        <line num="70" count="11" type="stmt"/>
        <line num="71" count="1" type="stmt"/>
        <line num="72" count="1" type="stmt"/>
        <line num="73" count="1" type="stmt"/>
        <line num="74" count="1" type="stmt"/>
        <line num="77" count="11" type="stmt"/>
        <line num="96" count="44" type="stmt"/>
        <line num="109" count="33" type="stmt"/>
        <line num="117" count="33" type="stmt"/>
      </file>
    </package>
  </project>
</coverage>
