{"C:\\Users\\HP\\OneDrive\\Desktop\\Moringa\\react-example\\verre\\verre\\src\\components\\Navbar.css": {"path":"C:\\Users\\HP\\OneDrive\\Desktop\\Moringa\\react-example\\verre\\verre\\src\\components\\Navbar.css","statementMap":{},"fnMap":{},"branchMap":{},"s":{},"f":{},"b":{},"meta":{"lastBranch":0,"lastFunction":0,"lastStatement":0,"seen":{},"fnNames":{}}}
,"C:\\Users\\HP\\OneDrive\\Desktop\\Moringa\\react-example\\verre\\verre\\src\\components\\Navbar.jsx": {"path":"C:\\Users\\HP\\OneDrive\\Desktop\\Moringa\\react-example\\verre\\verre\\src\\components\\Navbar.jsx","statementMap":{"0":{"start":{"line":5,"column":2},"end":{"line":21,"column":null}}},"fnMap":{"0":{"name":"Navbar","decl":{"start":{"line":4,"column":9},"end":{"line":4,"column":18}},"loc":{"start":{"line":4,"column":18},"end":{"line":23,"column":null}},"line":4}},"branchMap":{},"s":{"0":2},"f":{"0":2},"b":{},"meta":{"lastBranch":0,"lastFunction":1,"lastStatement":1,"seen":{"f:4:9:4:18":0,"s:5:2:21:Infinity":0},"fnNames":{}}}
,"C:\\Users\\HP\\OneDrive\\Desktop\\Moringa\\react-example\\verre\\verre\\src\\pages\\AddProduct.jsx": {"path":"C:\\Users\\HP\\OneDrive\\Desktop\\Moringa\\react-example\\verre\\verre\\src\\pages\\AddProduct.jsx","statementMap":{"0":{"start":{"line":7,"column":20},"end":{"line":7,"column":null}},"1":{"start":{"line":8,"column":19},"end":{"line":8,"column":null}},"2":{"start":{"line":9,"column":15},"end":{"line":9,"column":null}},"3":{"start":{"line":11,"column":18},"end":{"line":19,"column":null}},"4":{"start":{"line":22,"column":19},"end":{"line":22,"column":null}},"5":{"start":{"line":23,"column":4},"end":{"line":23,"column":null}},"6":{"start":{"line":23,"column":27},"end":{"line":23,"column":null}},"7":{"start":{"line":24,"column":4},"end":{"line":25,"column":null}},"8":{"start":{"line":25,"column":8},"end":{"line":25,"column":null}},"9":{"start":{"line":26,"column":4},"end":{"line":26,"column":null}},"10":{"start":{"line":26,"column":27},"end":{"line":26,"column":null}},"11":{"start":{"line":27,"column":4},"end":{"line":27,"column":null}},"12":{"start":{"line":27,"column":28},"end":{"line":27,"column":null}},"13":{"start":{"line":28,"column":4},"end":{"line":28,"column":null}},"14":{"start":{"line":32,"column":28},"end":{"line":32,"column":null}},"15":{"start":{"line":33,"column":32},"end":{"line":33,"column":null}},"16":{"start":{"line":34,"column":38},"end":{"line":34,"column":null}},"17":{"start":{"line":35,"column":44},"end":{"line":35,"column":null}},"18":{"start":{"line":36,"column":27},"end":{"line":36,"column":39}},"19":{"start":{"line":37,"column":21},"end":{"line":37,"column":33}},"20":{"start":{"line":39,"column":10},"end":{"line":40,"column":null}},"21":{"start":{"line":39,"column":20},"end":{"line":40,"column":null}},"22":{"start":{"line":40,"column":8},"end":{"line":40,"column":null}},"23":{"start":{"line":42,"column":10},"end":{"line":68,"column":null}},"24":{"start":{"line":43,"column":8},"end":{"line":43,"column":null}},"25":{"start":{"line":44,"column":27},"end":{"line":44,"column":null}},"26":{"start":{"line":45,"column":8},"end":{"line":45,"column":null}},"27":{"start":{"line":46,"column":8},"end":{"line":50,"column":null}},"28":{"start":{"line":47,"column":12},"end":{"line":47,"column":null}},"29":{"start":{"line":48,"column":12},"end":{"line":48,"column":null}},"30":{"start":{"line":48,"column":29},"end":{"line":48,"column":47}},"31":{"start":{"line":49,"column":12},"end":{"line":49,"column":null}},"32":{"start":{"line":51,"column":8},"end":{"line":67,"column":null}},"33":{"start":{"line":52,"column":12},"end":{"line":52,"column":null}},"34":{"start":{"line":53,"column":12},"end":{"line":60,"column":null}},"35":{"start":{"line":61,"column":12},"end":{"line":61,"column":null}},"36":{"start":{"line":62,"column":12},"end":{"line":62,"column":null}},"37":{"start":{"line":62,"column":29},"end":{"line":62,"column":52}},"38":{"start":{"line":64,"column":12},"end":{"line":64,"column":null}},"39":{"start":{"line":65,"column":12},"end":{"line":65,"column":null}},"40":{"start":{"line":66,"column":12},"end":{"line":66,"column":null}},"41":{"start":{"line":70,"column":10},"end":{"line":75,"column":null}},"42":{"start":{"line":71,"column":8},"end":{"line":71,"column":null}},"43":{"start":{"line":72,"column":8},"end":{"line":72,"column":null}},"44":{"start":{"line":73,"column":8},"end":{"line":73,"column":null}},"45":{"start":{"line":74,"column":8},"end":{"line":74,"column":null}},"46":{"start":{"line":77,"column":4},"end":{"line":139,"column":null}},"47":{"start":{"line":96,"column":28},"end":{"line":96,"column":null}},"48":{"start":{"line":109,"column":24},"end":{"line":109,"column":null}},"49":{"start":{"line":117,"column":28},"end":{"line":117,"column":null}}},"fnMap":{"0":{"name":"validate","decl":{"start":{"line":21,"column":9},"end":{"line":21,"column":18}},"loc":{"start":{"line":21,"column":24},"end":{"line":29,"column":null}},"line":21},"1":{"name":"AddProduct","decl":{"start":{"line":31,"column":24},"end":{"line":31,"column":37}},"loc":{"start":{"line":31,"column":37},"end":{"line":141,"column":null}},"line":31},"2":{"name":"(anonymous_2)","decl":{"start":{"line":39,"column":10},"end":{"line":39,"column":20}},"loc":{"start":{"line":39,"column":20},"end":{"line":40,"column":null}},"line":39},"3":{"name":"(anonymous_3)","decl":{"start":{"line":39,"column":20},"end":{"line":39,"column":31}},"loc":{"start":{"line":40,"column":8},"end":{"line":40,"column":null}},"line":40},"4":{"name":"(anonymous_4)","decl":{"start":{"line":42,"column":10},"end":{"line":42,"column":26}},"loc":{"start":{"line":42,"column":32},"end":{"line":68,"column":null}},"line":42},"5":{"name":"(anonymous_5)","decl":{"start":{"line":48,"column":12},"end":{"line":48,"column":29}},"loc":{"start":{"line":48,"column":29},"end":{"line":48,"column":47}},"line":48},"6":{"name":"(anonymous_6)","decl":{"start":{"line":62,"column":12},"end":{"line":62,"column":29}},"loc":{"start":{"line":62,"column":29},"end":{"line":62,"column":52}},"line":62},"7":{"name":"(anonymous_7)","decl":{"start":{"line":70,"column":10},"end":{"line":70,"column":31}},"loc":{"start":{"line":70,"column":31},"end":{"line":75,"column":null}},"line":70},"8":{"name":"(anonymous_8)","decl":{"start":{"line":95,"column":37},"end":{"line":95,"column":42}},"loc":{"start":{"line":96,"column":28},"end":{"line":96,"column":null}},"line":96},"9":{"name":"(anonymous_9)","decl":{"start":{"line":108,"column":32},"end":{"line":108,"column":37}},"loc":{"start":{"line":109,"column":24},"end":{"line":109,"column":null}},"line":109},"10":{"name":"(anonymous_10)","decl":{"start":{"line":116,"column":32},"end":{"line":116,"column":37}},"loc":{"start":{"line":117,"column":28},"end":{"line":117,"column":null}},"line":117}},"branchMap":{"0":{"loc":{"start":{"line":23,"column":4},"end":{"line":23,"column":null}},"type":"if","locations":[{"start":{"line":23,"column":4},"end":{"line":23,"column":null}},{"start":{},"end":{}}],"line":23},"1":{"loc":{"start":{"line":24,"column":4},"end":{"line":25,"column":null}},"type":"if","locations":[{"start":{"line":24,"column":4},"end":{"line":25,"column":null}},{"start":{},"end":{}}],"line":24},"2":{"loc":{"start":{"line":24,"column":8},"end":{"line":24,"column":null}},"type":"binary-expr","locations":[{"start":{"line":24,"column":8},"end":{"line":24,"column":23}},{"start":{"line":24,"column":23},"end":{"line":24,"column":59}},{"start":{"line":24,"column":59},"end":{"line":24,"column":null}}],"line":24},"3":{"loc":{"start":{"line":26,"column":4},"end":{"line":26,"column":null}},"type":"if","locations":[{"start":{"line":26,"column":4},"end":{"line":26,"column":null}},{"start":{},"end":{}}],"line":26},"4":{"loc":{"start":{"line":27,"column":4},"end":{"line":27,"column":null}},"type":"if","locations":[{"start":{"line":27,"column":4},"end":{"line":27,"column":null}},{"start":{},"end":{}}],"line":27},"5":{"loc":{"start":{"line":46,"column":8},"end":{"line":50,"column":null}},"type":"if","locations":[{"start":{"line":46,"column":8},"end":{"line":50,"column":null}},{"start":{},"end":{}}],"line":46},"6":{"loc":{"start":{"line":80,"column":9},"end":{"line":80,"column":null}},"type":"binary-expr","locations":[{"start":{"line":80,"column":9},"end":{"line":80,"column":22}},{"start":{"line":80,"column":22},"end":{"line":80,"column":null}}],"line":80},"7":{"loc":{"start":{"line":90,"column":21},"end":{"line":90,"column":null}},"type":"binary-expr","locations":[{"start":{"line":90,"column":21},"end":{"line":90,"column":36}},{"start":{"line":90,"column":36},"end":{"line":90,"column":null}}],"line":90},"8":{"loc":{"start":{"line":103,"column":21},"end":{"line":103,"column":null}},"type":"binary-expr","locations":[{"start":{"line":103,"column":21},"end":{"line":103,"column":37}},{"start":{"line":103,"column":37},"end":{"line":103,"column":null}}],"line":103},"9":{"loc":{"start":{"line":125,"column":29},"end":{"line":125,"column":null}},"type":"binary-expr","locations":[{"start":{"line":125,"column":29},"end":{"line":125,"column":44}},{"start":{"line":125,"column":44},"end":{"line":125,"column":null}}],"line":125},"10":{"loc":{"start":{"line":130,"column":29},"end":{"line":130,"column":null}},"type":"binary-expr","locations":[{"start":{"line":130,"column":29},"end":{"line":130,"column":45}},{"start":{"line":130,"column":45},"end":{"line":130,"column":null}}],"line":130}},"s":{"0":1,"1":1,"2":1,"3":1,"4":2,"5":2,"6":1,"7":2,"8":1,"9":2,"10":1,"11":2,"12":1,"13":2,"14":11,"15":11,"16":11,"17":11,"18":11,"19":11,"20":11,"21":77,"22":4,"23":11,"24":2,"25":2,"26":2,"27":2,"28":1,"29":1,"30":0,"31":1,"32":1,"33":1,"34":1,"35":1,"36":1,"37":0,"38":0,"39":0,"40":0,"41":11,"42":1,"43":1,"44":1,"45":1,"46":11,"47":44,"48":33,"49":33},"f":{"0":2,"1":11,"2":77,"3":4,"4":2,"5":0,"6":0,"7":1,"8":44,"9":33,"10":33},"b":{"0":[1,1],"1":[1,1],"2":[2,1,1],"3":[1,1],"4":[1,1],"5":[1,1],"6":[11,2],"7":[11,1],"8":[11,1],"9":[11,1],"10":[11,1]},"meta":{"lastBranch":11,"lastFunction":11,"lastStatement":50,"seen":{"s:7:20:7:Infinity":0,"s:8:19:8:Infinity":1,"s:9:15:9:Infinity":2,"s:11:18:19:Infinity":3,"f:21:9:21:18":0,"s:22:19:22:Infinity":4,"b:23:4:23:Infinity:undefined:undefined:undefined:undefined":0,"s:23:4:23:Infinity":5,"s:23:27:23:Infinity":6,"b:24:4:25:Infinity:undefined:undefined:undefined:undefined":1,"s:24:4:25:Infinity":7,"b:24:8:24:23:24:23:24:59:24:59:24:Infinity":2,"s:25:8:25:Infinity":8,"b:26:4:26:Infinity:undefined:undefined:undefined:undefined":3,"s:26:4:26:Infinity":9,"s:26:27:26:Infinity":10,"b:27:4:27:Infinity:undefined:undefined:undefined:undefined":4,"s:27:4:27:Infinity":11,"s:27:28:27:Infinity":12,"s:28:4:28:Infinity":13,"f:31:24:31:37":1,"s:32:28:32:Infinity":14,"s:33:32:33:Infinity":15,"s:34:38:34:Infinity":16,"s:35:44:35:Infinity":17,"s:36:27:36:39":18,"s:37:21:37:33":19,"s:39:10:40:Infinity":20,"f:39:10:39:20":2,"s:39:20:40:Infinity":21,"f:39:20:39:31":3,"s:40:8:40:Infinity":22,"s:42:10:68:Infinity":23,"f:42:10:42:26":4,"s:43:8:43:Infinity":24,"s:44:27:44:Infinity":25,"s:45:8:45:Infinity":26,"b:46:8:50:Infinity:undefined:undefined:undefined:undefined":5,"s:46:8:50:Infinity":27,"s:47:12:47:Infinity":28,"s:48:12:48:Infinity":29,"f:48:12:48:29":5,"s:48:29:48:47":30,"s:49:12:49:Infinity":31,"s:51:8:67:Infinity":32,"s:52:12:52:Infinity":33,"s:53:12:60:Infinity":34,"s:61:12:61:Infinity":35,"s:62:12:62:Infinity":36,"f:62:12:62:29":6,"s:62:29:62:52":37,"s:64:12:64:Infinity":38,"s:65:12:65:Infinity":39,"s:66:12:66:Infinity":40,"s:70:10:75:Infinity":41,"f:70:10:70:31":7,"s:71:8:71:Infinity":42,"s:72:8:72:Infinity":43,"s:73:8:73:Infinity":44,"s:74:8:74:Infinity":45,"s:77:4:139:Infinity":46,"b:80:9:80:22:80:22:80:Infinity":6,"b:90:21:90:36:90:36:90:Infinity":7,"f:95:37:95:42":8,"s:96:28:96:Infinity":47,"b:103:21:103:37:103:37:103:Infinity":8,"f:108:32:108:37":9,"s:109:24:109:Infinity":48,"f:116:32:116:37":10,"s:117:28:117:Infinity":49,"b:125:29:125:44:125:44:125:Infinity":9,"b:130:29:130:45:130:45:130:Infinity":10},"fnNames":{}}}
}
