TN:
SF:src\App.jsx
FN:9,App
FNF:1
FNH:0
FNDA:0,App
DA:10,0
LF:1
LH:0
BRF:0
BRH:0
end_of_record
TN:
SF:src\components\Footer.jsx
FN:1,Footer
FNF:1
FNH:0
FNDA:0,Footer
DA:2,0
LF:1
LH:0
BRF:0
BRH:0
end_of_record
TN:
SF:src\components\Hero.jsx
FN:3,Hero
FNF:1
FNH:0
FNDA:0,Hero
DA:4,0
LF:1
LH:0
BRF:0
BRH:0
end_of_record
TN:
SF:src\components\Navbar.jsx
FN:3,Navbar
FNF:1
FNH:1
FNDA:2,Navbar
DA:4,2
LF:1
LH:1
BRF:0
BRH:0
end_of_record
TN:
SF:src\components\ProductCard.jsx
FN:5,ProductCard
FN:10,(anonymous_1)
FN:14,(anonymous_2)
FN:27,(anonymous_3)
FN:38,(anonymous_4)
FN:39,(anonymous_5)
FNF:6
FNH:1
FNDA:6,ProductCard
FNDA:0,(anonymous_1)
FNDA:0,(anonymous_2)
FNDA:0,(anonymous_3)
FNDA:0,(anonymous_4)
FNDA:0,(anonymous_5)
DA:6,6
DA:7,6
DA:8,6
DA:10,6
DA:11,0
DA:14,6
DA:15,0
DA:16,0
DA:17,0
DA:20,6
DA:21,0
DA:27,0
DA:32,6
DA:38,0
DA:39,0
LF:15
LH:7
BRDA:20,0,0,0
BRDA:20,0,1,6
BRF:2
BRH:1
end_of_record
TN:
SF:src\components\ProductList.jsx
FN:5,ProductList
FN:8,(anonymous_1)
FN:18,(anonymous_2)
FNF:3
FNH:3
FNDA:15,ProductList
FNDA:30,(anonymous_1)
FNDA:6,(anonymous_2)
DA:6,15
DA:8,15
DA:9,30
DA:12,15
DA:13,12
DA:16,3
DA:19,6
LF:7
LH:7
BRDA:12,0,0,12
BRDA:12,0,1,3
BRF:2
BRH:2
end_of_record
TN:
SF:src\components\SearchBar.jsx
FN:4,SearchBar
FN:13,(anonymous_1)
FNF:2
FNH:2
FNDA:15,SearchBar
FNDA:12,(anonymous_1)
DA:5,15
DA:7,15
DA:13,12
LF:3
LH:3
BRF:0
BRH:0
end_of_record
TN:
SF:src\components\useProduct.js
FN:3,useProducts
FN:6,(anonymous_1)
FN:7,(anonymous_2)
FN:13,(anonymous_3)
FN:14,(anonymous_4)
FN:15,(anonymous_5)
FN:23,(anonymous_6)
FN:24,(anonymous_7)
FN:25,(anonymous_8)
FNF:9
FNH:0
FNDA:0,useProducts
FNDA:0,(anonymous_1)
FNDA:0,(anonymous_2)
FNDA:0,(anonymous_3)
FNDA:0,(anonymous_4)
FNDA:0,(anonymous_5)
FNDA:0,(anonymous_6)
FNDA:0,(anonymous_7)
FNDA:0,(anonymous_8)
DA:4,0
DA:6,0
DA:7,0
DA:13,0
DA:14,0
DA:15,0
DA:16,0
DA:23,0
DA:24,0
DA:25,0
DA:29,0
LF:11
LH:0
BRDA:16,0,0,0
BRDA:16,0,1,0
BRF:2
BRH:0
end_of_record
TN:
SF:src\components\products\ProductForm.jsx
FN:3,ProductForm
FN:15,(anonymous_1)
FN:31,(anonymous_2)
FN:41,(anonymous_3)
FNF:4
FNH:0
FNDA:0,ProductForm
FNDA:0,(anonymous_1)
FNDA:0,(anonymous_2)
FNDA:0,(anonymous_3)
DA:4,0
DA:16,0
DA:32,0
DA:42,0
LF:4
LH:0
BRDA:9,0,0,0
BRDA:9,0,1,0
BRDA:19,1,0,0
BRDA:19,1,1,0
BRDA:25,2,0,0
BRDA:25,2,1,0
BRDA:35,3,0,0
BRDA:35,3,1,0
BRDA:45,4,0,0
BRDA:45,4,1,0
BRDA:52,5,0,0
BRDA:52,5,1,0
BRDA:60,6,0,0
BRDA:60,6,1,0
BRF:14
BRH:0
end_of_record
TN:
SF:src\components\products\ProductSwatch.jsx
FN:1,ProductSwatch
FNF:1
FNH:0
FNDA:0,ProductSwatch
DA:2,0
DA:4,0
LF:2
LH:0
BRDA:1,0,0,0
BRDA:2,1,0,0
BRDA:2,1,1,0
BRDA:2,2,0,0
BRDA:2,2,1,0
BRF:5
BRH:0
end_of_record
TN:
SF:src\context\ProductContext.jsx
FN:5,ProductProvider
FN:32,(anonymous_1)
FN:33,(anonymous_2)
FN:36,(anonymous_3)
FN:37,(anonymous_4)
FN:38,(anonymous_5)
FN:44,(anonymous_6)
FN:45,(anonymous_7)
FN:45,(anonymous_8)
FN:53,useProducts
FNF:10
FNH:2
FNDA:16,ProductProvider
FNDA:0,(anonymous_1)
FNDA:0,(anonymous_2)
FNDA:0,(anonymous_3)
FNDA:0,(anonymous_4)
FNDA:0,(anonymous_5)
FNDA:0,(anonymous_6)
FNDA:0,(anonymous_7)
FNDA:0,(anonymous_8)
FNDA:36,useProducts
DA:3,3
DA:6,16
DA:30,16
DA:32,16
DA:33,0
DA:36,16
DA:37,0
DA:38,0
DA:39,0
DA:44,16
DA:45,0
DA:48,16
DA:50,16
DA:54,36
LF:14
LH:9
BRDA:39,0,0,0
BRDA:39,0,1,0
BRF:2
BRH:0
end_of_record
TN:
SF:src\hooks\useProductForm.js
FN:17,validate
FN:30,useProductForm
FN:34,(anonymous_2)
FN:34,(anonymous_3)
FN:35,(anonymous_4)
FN:38,(anonymous_5)
FN:55,(anonymous_6)
FNF:7
FNH:0
FNDA:0,validate
FNDA:0,useProductForm
FNDA:0,(anonymous_2)
FNDA:0,(anonymous_3)
FNDA:0,(anonymous_4)
FNDA:0,(anonymous_5)
FNDA:0,(anonymous_6)
DA:3,0
DA:4,0
DA:5,0
DA:7,0
DA:18,0
DA:19,0
DA:20,0
DA:21,0
DA:22,0
DA:23,0
DA:24,0
DA:25,0
DA:26,0
DA:27,0
DA:31,0
DA:32,0
DA:34,0
DA:35,0
DA:38,0
DA:39,0
DA:40,0
DA:41,0
DA:42,0
DA:44,0
DA:55,0
DA:56,0
DA:57,0
DA:60,0
LF:28
LH:0
BRDA:19,0,0,0
BRDA:19,0,1,0
BRDA:20,1,0,0
BRDA:20,1,1,0
BRDA:21,2,0,0
BRDA:21,2,1,0
BRDA:21,3,0,0
BRDA:21,3,1,0
BRDA:21,3,2,0
BRDA:23,4,0,0
BRDA:23,4,1,0
BRDA:24,5,0,0
BRDA:24,5,1,0
BRDA:25,6,0,0
BRDA:25,6,1,0
BRDA:26,7,0,0
BRDA:26,7,1,0
BRDA:31,8,0,0
BRDA:31,8,1,0
BRDA:42,9,0,0
BRDA:42,9,1,0
BRDA:56,10,0,0
BRDA:56,10,1,0
BRF:23
BRH:0
end_of_record
TN:
SF:src\hooks\useProducts.js
FN:11,loadInitialProducts
FN:21,useProducts
FN:26,(anonymous_2)
FN:34,(anonymous_3)
FN:35,(anonymous_4)
FN:38,(anonymous_5)
FN:39,(anonymous_6)
FN:40,(anonymous_7)
FN:46,(anonymous_8)
FN:47,(anonymous_9)
FN:47,(anonymous_10)
FN:50,(anonymous_11)
FN:51,(anonymous_12)
FNF:13
FNH:0
FNDA:0,loadInitialProducts
FNDA:0,useProducts
FNDA:0,(anonymous_2)
FNDA:0,(anonymous_3)
FNDA:0,(anonymous_4)
FNDA:0,(anonymous_5)
FNDA:0,(anonymous_6)
FNDA:0,(anonymous_7)
FNDA:0,(anonymous_8)
FNDA:0,(anonymous_9)
FNDA:0,(anonymous_10)
FNDA:0,(anonymous_11)
FNDA:0,(anonymous_12)
DA:3,0
DA:4,0
DA:12,0
DA:13,0
DA:14,0
DA:17,0
DA:22,0
DA:23,0
DA:26,0
DA:27,0
DA:28,0
DA:34,0
DA:35,0
DA:38,0
DA:39,0
DA:40,0
DA:41,0
DA:46,0
DA:47,0
DA:50,0
DA:51,0
DA:53,0
LF:22
LH:0
BRDA:14,0,0,0
BRDA:14,0,1,0
BRDA:41,1,0,0
BRDA:41,1,1,0
BRF:4
BRH:0
end_of_record
TN:
SF:src\pages\About.jsx
FN:4,About
FNF:1
FNH:0
FNDA:0,About
DA:5,0
LF:1
LH:0
BRF:0
BRH:0
end_of_record
TN:
SF:src\pages\AddProduct.jsx
FN:20,validate
FN:30,AddProduct
FN:38,(anonymous_2)
FN:38,(anonymous_3)
FN:41,(anonymous_4)
FN:47,(anonymous_5)
FN:61,(anonymous_6)
FN:69,(anonymous_7)
FN:93,(anonymous_8)
FN:106,(anonymous_9)
FN:114,(anonymous_10)
FNF:11
FNH:9
FNDA:3,validate
FNDA:17,AddProduct
FNDA:119,(anonymous_2)
FNDA:8,(anonymous_3)
FNDA:3,(anonymous_4)
FNDA:0,(anonymous_5)
FNDA:0,(anonymous_6)
FNDA:1,(anonymous_7)
FNDA:68,(anonymous_8)
FNDA:51,(anonymous_9)
FNDA:51,(anonymous_10)
DA:6,1
DA:7,1
DA:8,1
DA:10,1
DA:21,3
DA:22,3
DA:23,3
DA:24,1
DA:25,3
DA:26,3
DA:27,3
DA:31,17
DA:32,17
DA:33,17
DA:34,17
DA:35,17
DA:36,17
DA:38,119
DA:39,8
DA:41,17
DA:42,3
DA:43,3
DA:44,3
DA:45,3
DA:46,1
DA:47,1
DA:48,1
DA:50,2
DA:51,2
DA:52,2
DA:60,2
DA:61,2
DA:63,1
DA:64,1
DA:65,1
DA:69,17
DA:70,1
DA:71,1
DA:72,1
DA:73,1
DA:76,17
DA:94,68
DA:107,51
DA:115,51
LF:44
LH:44
BRDA:22,0,0,1
BRDA:22,0,1,2
BRDA:23,1,0,1
BRDA:23,1,1,2
BRDA:23,2,0,3
BRDA:23,2,1,2
BRDA:23,2,2,2
BRDA:25,3,0,1
BRDA:25,3,1,2
BRDA:26,4,0,1
BRDA:26,4,1,2
BRDA:45,5,0,1
BRDA:45,5,1,2
BRDA:78,6,0,17
BRDA:78,6,1,3
BRDA:88,7,0,17
BRDA:88,7,1,1
BRDA:101,8,0,17
BRDA:101,8,1,1
BRDA:123,9,0,17
BRDA:123,9,1,1
BRDA:128,10,0,17
BRDA:128,10,1,1
BRF:23
BRH:23
end_of_record
TN:
SF:src\pages\Contact.jsx
FN:4,Contact
FNF:1
FNH:0
FNDA:0,Contact
DA:5,0
LF:1
LH:0
BRF:0
BRH:0
end_of_record
TN:
SF:src\pages\Home.jsx
FN:5,Home
FNF:1
FNH:0
FNDA:0,Home
DA:6,0
LF:1
LH:0
BRF:0
BRH:0
end_of_record
TN:
SF:src\pages\ProductCatalog.jsx
FN:5,ProductCatalog
FNF:1
FNH:1
FNDA:1,ProductCatalog
DA:6,1
LF:1
LH:1
BRF:0
BRH:0
end_of_record
